<?xml version="1.0" encoding="UTF-8"?>
<testsuite xmlns:xsi="http://www.w3.org/2001/XMLSchema-instance" xsi:noNamespaceSchemaLocation="https://maven.apache.org/surefire/maven-surefire-plugin/xsd/surefire-test-report-3.0.xsd" version="3.0" name="org.acme.kafka.SerializeTest" time="16.795" tests="1" errors="1" skipped="0" failures="0">
  <properties>
[...]
</properties>
  <testcase name="test_serialization" classname="org.acme.kafka.SerializeTest" time="0.385">
    <error type="java.lang.ClassCastException"><![CDATA[java.lang.ClassCastException: org.apache.avro.generic.GenericData$Record incompatible with org.acme.kafka.quarkus.Movie
	at org.acme.kafka.SerializeTest.test_serialization(SerializeTest.java:33)
]]></error>
    <system-out><![CDATA[2022-08-01 11:17:58,292 INFO  [org.jbo.threads] (main) JBoss Threads version 3.4.2.Final
2022-08-01 11:18:01,268 INFO  [io.quarkus] (main) nested-module2 1.0.0-SNAPSHOT on JVM (powered by Quarkus 2.10.3.Final) started in 4.771s. Listening on: http://localhost:8081
2022-08-01 11:18:01,268 INFO  [io.quarkus] (main) Profile test activated. 
2022-08-01 11:18:01,268 INFO  [io.quarkus] (main) Installed features: [cdi, confluent-registry-avro, kafka-client, rest-client-reactive, resteasy-reactive, resteasy-reactive-jackson, smallrye-context-propagation, smallrye-reactive-messaging, smallrye-reactive-messaging-kafka, vertx]
2022-08-01 11:18:01,330 INFO  [io.con.kaf.ser.KafkaAvroSerializerConfig] (main) KafkaAvroSerializerConfig values: 
	auto.register.schemas = true
	avro.remove.java.properties = false
	basic.auth.credentials.source = URL
	basic.auth.user.info = [hidden]
	bearer.auth.credentials.source = STATIC_TOKEN
	bearer.auth.token = [hidden]
	key.subject.name.strategy = class io.confluent.kafka.serializers.subject.TopicNameStrategy
	latest.compatibility.strict = true
	max.schemas.per.subject = 1000
	proxy.host = 
	proxy.port = -1
	schema.reflection = false
	schema.registry.basic.auth.user.info = [hidden]
	schema.registry.ssl.cipher.suites = null
	schema.registry.ssl.enabled.protocols = [TLSv1.2, TLSv1.3]
	schema.registry.ssl.endpoint.identification.algorithm = https
	schema.registry.ssl.engine.factory.class = null
	schema.registry.ssl.key.password = null
	schema.registry.ssl.keymanager.algorithm = SunX509
	schema.registry.ssl.keystore.certificate.chain = null
	schema.registry.ssl.keystore.key = null
	schema.registry.ssl.keystore.location = null
	schema.registry.ssl.keystore.password = null
	schema.registry.ssl.keystore.type = JKS
	schema.registry.ssl.protocol = TLSv1.3
	schema.registry.ssl.provider = null
	schema.registry.ssl.secure.random.implementation = null
	schema.registry.ssl.trustmanager.algorithm = PKIX
	schema.registry.ssl.truststore.certificates = null
	schema.registry.ssl.truststore.location = null
	schema.registry.ssl.truststore.password = null
	schema.registry.ssl.truststore.type = JKS
	schema.registry.url = [bogus]
	use.latest.version = false
	value.subject.name.strategy = class io.confluent.kafka.serializers.subject.TopicNameStrategy

]]></system-out>
  </testcase>
</testsuite>